ValueError: Error from parse_expr with transformed code: "cos **Integer (2 )(Symbol ('x' ))-sin **Integer (2 )(Symbol ('y' ))"

The above exception was the direct cause of the following exception:

Traceback (most recent call last):
  File "/home/guille/anaconda3/envs/guille/delphyne/src/delphyne/stdlib/experiments/experiment_launcher.py", line 825, in _run_config
    run_command(
  File "/home/guille/anaconda3/envs/guille/delphyne/src/delphyne/stdlib/tasks.py", line 390, in run_command
    command(handler, ctx, args)
  File "/home/guille/anaconda3/envs/guille/delphyne/src/delphyne/stdlib/commands/run_strategy.py", line 326, in run_strategy
    run_loaded_strategy(
  File "/home/guille/anaconda3/envs/guille/delphyne/src/delphyne/stdlib/commands/run_strategy.py", line 233, in run_loaded_strategy
    with_cache_spec(
  File "/home/guille/anaconda3/envs/guille/delphyne/src/delphyne/stdlib/commands/run_strategy.py", line 252, in with_cache_spec
    return f(rc)
           ^^^^^
  File "/home/guille/anaconda3/envs/guille/delphyne/src/delphyne/stdlib/commands/run_strategy.py", line 197, in run_loaded_strategy_with_cache
    for msg in stream.gen():
  File "/home/guille/anaconda3/envs/guille/delphyne/src/delphyne/stdlib/streams.py", line 527, in stream_take
    for msg in stream:
  File "/home/guille/anaconda3/envs/guille/delphyne/src/delphyne/stdlib/streams.py", line 496, in stream_with_budget
    for msg in stream:
  File "/home/guille/anaconda3/envs/guille/delphyne/src/delphyne/stdlib/streams.py", line 607, in stream_sequence
    yield from _monitor_acceptance(mk(), on_accept)
  File "/home/guille/anaconda3/envs/guille/delphyne/src/delphyne/stdlib/streams.py", line 584, in _monitor_acceptance
    for msg in stream:
  File "/home/guille/anaconda3/envs/guille/delphyne/src/delphyne/stdlib/search/dfs.py", line 45, in dfs
    yield from cands.bind(
  File "/home/guille/anaconda3/envs/guille/delphyne/src/delphyne/stdlib/streams.py", line 440, in stream_bind
    yield from f(generated.pop(0))
  File "/home/guille/anaconda3/envs/guille/delphyne/src/delphyne/stdlib/search/dfs.py", line 45, in dfs
    yield from cands.bind(
  File "/home/guille/anaconda3/envs/guille/delphyne/src/delphyne/stdlib/streams.py", line 440, in stream_bind
    yield from f(generated.pop(0))
  File "/home/guille/anaconda3/envs/guille/delphyne/src/delphyne/stdlib/search/dfs.py", line 45, in dfs
    yield from cands.bind(
  File "/home/guille/anaconda3/envs/guille/delphyne/src/delphyne/stdlib/streams.py", line 440, in stream_bind
    yield from f(generated.pop(0))
  File "/home/guille/anaconda3/envs/guille/delphyne/src/delphyne/stdlib/search/dfs.py", line 50, in dfs
    ).gen()
      ^^^^^
  File "/home/guille/anaconda3/envs/guille/delphyne/src/delphyne/stdlib/streams.py", line 36, in gen
    return self._generate()
           ^^^^^^^^^^^^^^^^
  File "/home/guille/anaconda3/envs/guille/delphyne/src/delphyne/stdlib/streams.py", line 126, in <lambda>
    return Stream(lambda: stream_bind(self.gen(), f))
                                      ^^^^^^^^^^
  File "/home/guille/anaconda3/envs/guille/delphyne/src/delphyne/stdlib/streams.py", line 36, in gen
    return self._generate()
           ^^^^^^^^^^^^^^^^
  File "/home/guille/anaconda3/envs/guille/delphyne/src/delphyne/stdlib/policies.py", line 78, in <lambda>
    return Stream(lambda: self._fn(tree, env, policy))
                          ^^^^^^^^^^^^^^^^^^^^^^^^^^^
  File "/home/guille/anaconda3/envs/guille/delphyne/src/delphyne/stdlib/policies.py", line 348, in new_search_policy
    new_tree = self.fn(env, policy)(tree)
               ^^^^^^^^^^^^^^^^^^^^^^^^^^
  File "/home/guille/anaconda3/envs/guille/delphyne/src/delphyne/stdlib/computations.py", line 277, in transform
    answer = tree.node.run_computation_with_cache(
             ^^^^^^^^^^^^^^^^^^^^^^^^^^^^^^^^^^^^^
  File "/home/guille/anaconda3/envs/guille/delphyne/src/delphyne/stdlib/computations.py", line 135, in run_computation_with_cache
    resp = model.send_request(req, cache)
           ^^^^^^^^^^^^^^^^^^^^^^^^^^^^^^
  File "/home/guille/anaconda3/envs/guille/delphyne/src/delphyne/stdlib/models.py", line 512, in send_request
    return self._send_final_request(full_req)
           ^^^^^^^^^^^^^^^^^^^^^^^^^^^^^^^^^^
  File "/home/guille/anaconda3/envs/guille/delphyne/src/delphyne/stdlib/models.py", line 665, in _send_final_request
    return self.run_request(_CachedRequest(req, num_seen))
           ^^^^^^^^^^^^^^^^^^^^^^^^^^^^^^^^^^^^^^^^^^^^^^^
  File "/home/guille/anaconda3/envs/guille/delphyne/src/delphyne/utils/caching.py", line 51, in cached_func
    ret = func(arg)
          ^^^^^^^^^
  File "/home/guille/anaconda3/envs/guille/delphyne/src/delphyne/stdlib/models.py", line 657, in run_request
    return self.model.send_request(base, None)
           ^^^^^^^^^^^^^^^^^^^^^^^^^^^^^^^^^^^
  File "/home/guille/anaconda3/envs/guille/delphyne/src/delphyne/stdlib/models.py", line 512, in send_request
    return self._send_final_request(full_req)
           ^^^^^^^^^^^^^^^^^^^^^^^^^^^^^^^^^^
  File "/home/guille/anaconda3/envs/guille/delphyne/src/delphyne/stdlib/computations.py", line 207, in _send_final_request
    res = self.computation()
          ^^^^^^^^^^^^^^^^^^
  File "/home/guille/anaconda3/envs/guille/delphyne/src/delphyne/stdlib/computations.py", line 110, in run_computation
    ret = self._comp(overriden_args)
          ^^^^^^^^^^^^^^^^^^^^^^^^^^
  File "/home/guille/anaconda3/envs/guille/delphyne/src/delphyne/stdlib/computations.py", line 169, in comp
    return f(*args, **(kwargs | (overriden_args or {})))  # type: ignore
           ^^^^^^^^^^^^^^^^^^^^^^^^^^^^^^^^^^^^^^^^^^^^^
  File "/home/guille/anaconda3/envs/guille/delphyne/examples/mini_eqns/checker.py", line 168, in check
    if equal_terms(last_eq[0], eq[0]) and equal_terms(last_eq[1], eq[1]):
                                          ^^^^^^^^^^^^^^^^^^^^^^^^^^^^^^
  File "/home/guille/anaconda3/envs/guille/delphyne/examples/mini_eqns/checker.py", line 88, in equal_terms
    lhs_e, rhs_e = parse_term(lhs), parse_term(rhs)
                   ^^^^^^^^^^^^^^^
  File "/home/guille/anaconda3/envs/guille/delphyne/examples/mini_eqns/checker.py", line 74, in parse_term
    return sp.sympify(term, locals=SYMPY_LOCALS)  # type: ignore
           ^^^^^^^^^^^^^^^^^^^^^^^^^^^^^^^^^^^^^
  File "/home/guille/anaconda3/envs/guille/lib/python3.12/site-packages/sympy/core/sympify.py", line 481, in sympify
    expr = parse_expr(a, local_dict=locals, transformations=transformations, evaluate=evaluate)
           ^^^^^^^^^^^^^^^^^^^^^^^^^^^^^^^^^^^^^^^^^^^^^^^^^^^^^^^^^^^^^^^^^^^^^^^^^^^^^^^^^^^^
  File "/home/guille/anaconda3/envs/guille/lib/python3.12/site-packages/sympy/parsing/sympy_parser.py", line 1090, in parse_expr
    raise e from ValueError(f"Error from parse_expr with transformed code: {code!r}")
  File "/home/guille/anaconda3/envs/guille/lib/python3.12/site-packages/sympy/parsing/sympy_parser.py", line 1081, in parse_expr
    rv = eval_expr(code, local_dict, global_dict)
         ^^^^^^^^^^^^^^^^^^^^^^^^^^^^^^^^^^^^^^^^
  File "/home/guille/anaconda3/envs/guille/lib/python3.12/site-packages/sympy/parsing/sympy_parser.py", line 909, in eval_expr
    expr = eval(
           ^^^^^
  File "<string>", line 1, in <module>
TypeError: 'Integer' object is not callable
